2025-06-27 19:51:47.019 [DEBUG] 💬 New location received at 2025-06-27T16:51:47.016Z
2025-06-27 19:51:47.022 [WARN] User not found by telegramId: 8165533279
2025-06-27 19:51:47.126 [DEBUG] 💬 New location received at 2025-06-27T16:51:47.126Z
2025-06-27 19:51:47.129 [WARN] User not found by telegramId: 8165533279
2025-06-27 19:51:47.223 [DEBUG] 💬 New location received at 2025-06-27T16:51:47.223Z
2025-06-27 19:51:47.225 [WARN] User not found by telegramId: 8165533279
2025-06-27 19:51:47.372 [DEBUG] 💬 New location received at 2025-06-27T16:51:47.372Z
2025-06-27 19:51:47.375 [WARN] User not found by telegramId: 8165533279
2025-06-27 19:51:47.474 [DEBUG] 💬 New location received at 2025-06-27T16:51:47.474Z
2025-06-27 19:51:47.475 [WARN] User not found by telegramId: 8165533279
2025-06-27 19:51:47.577 [DEBUG] 💬 New location received at 2025-06-27T16:51:47.577Z
2025-06-27 19:51:47.577 [WARN] User not found by telegramId: 8165533279
2025-06-27 19:51:47.693 [DEBUG] 💬 New location received at 2025-06-27T16:51:47.693Z
2025-06-27 19:51:47.695 [WARN] User not found by telegramId: 8165533279
2025-06-27 19:51:47.828 [DEBUG] 💬 New location received at 2025-06-27T16:51:47.828Z
2025-06-27 19:51:47.829 [WARN] User not found by telegramId: 8165533279
2025-06-27 19:51:47.984 [DEBUG] 💬 New location received at 2025-06-27T16:51:47.984Z
2025-06-27 19:51:47.985 [WARN] User not found by telegramId: 8165533279
2025-06-27 19:51:48.096 [DEBUG] 💬 New location received at 2025-06-27T16:51:48.096Z
2025-06-27 19:51:48.100 [WARN] User not found by telegramId: 8165533279
2025-06-27 19:51:48.205 [DEBUG] 💬 New location received at 2025-06-27T16:51:48.205Z
2025-06-27 19:51:48.206 [WARN] User not found by telegramId: 8165533279
2025-06-27 19:51:48.327 [DEBUG] 💬 New location received at 2025-06-27T16:51:48.327Z
2025-06-27 19:51:48.329 [WARN] User not found by telegramId: 8165533279
2025-06-27 19:51:48.436 [DEBUG] 💬 New location received at 2025-06-27T16:51:48.436Z
2025-06-27 19:51:48.437 [WARN] User not found by telegramId: 8165533279
2025-06-27 19:51:48.552 [DEBUG] 💬 New location received at 2025-06-27T16:51:48.552Z
2025-06-27 19:51:48.554 [WARN] User not found by telegramId: 8165533279
2025-06-27 19:51:48.674 [DEBUG] 💬 New location received at 2025-06-27T16:51:48.674Z
2025-06-27 19:51:48.676 [WARN] User not found by telegramId: 8165533279
2025-06-27 19:51:48.801 [DEBUG] 💬 New location received at 2025-06-27T16:51:48.801Z
2025-06-27 19:51:48.804 [WARN] User not found by telegramId: 8165533279
2025-06-27 19:51:48.921 [DEBUG] 💬 New location received at 2025-06-27T16:51:48.921Z
2025-06-27 19:51:48.923 [WARN] User not found by telegramId: 8165533279
2025-06-27 19:51:49.050 [DEBUG] 💬 New location received at 2025-06-27T16:51:49.050Z
2025-06-27 19:51:49.053 [WARN] User not found by telegramId: 8165533279
2025-06-27 19:51:49.179 [DEBUG] 💬 New location received at 2025-06-27T16:51:49.179Z
2025-06-27 19:51:49.181 [WARN] User not found by telegramId: 8165533279
2025-06-27 19:51:49.299 [DEBUG] 💬 New location received at 2025-06-27T16:51:49.299Z
2025-06-27 19:51:49.301 [WARN] User not found by telegramId: 8165533279
2025-06-27 19:51:49.454 [DEBUG] 💬 New location received at 2025-06-27T16:51:49.454Z
2025-06-27 19:51:49.456 [WARN] User not found by telegramId: 8165533279
2025-06-27 19:51:49.580 [DEBUG] 💬 New location received at 2025-06-27T16:51:49.580Z
2025-06-27 19:51:49.581 [WARN] User not found by telegramId: 8165533279
2025-06-27 19:51:49.700 [DEBUG] 💬 New location received at 2025-06-27T16:51:49.700Z
2025-06-27 19:51:49.701 [WARN] User not found by telegramId: 8165533279
2025-06-27 19:51:49.814 [DEBUG] 💬 New location received at 2025-06-27T16:51:49.814Z
2025-06-27 19:51:49.816 [WARN] User not found by telegramId: 8165533279
2025-06-27 19:51:49.936 [DEBUG] 💬 New location received at 2025-06-27T16:51:49.936Z
2025-06-27 19:51:49.938 [WARN] User not found by telegramId: 8165533279
2025-06-27 19:51:50.099 [DEBUG] 💬 New location received at 2025-06-27T16:51:50.098Z
2025-06-27 19:51:50.100 [WARN] User not found by telegramId: 8165533279
2025-06-27 19:51:50.211 [DEBUG] 💬 New location received at 2025-06-27T16:51:50.211Z
2025-06-27 19:51:50.212 [WARN] User not found by telegramId: 8165533279
2025-06-27 19:51:50.319 [DEBUG] 💬 New location received at 2025-06-27T16:51:50.319Z
2025-06-27 19:51:50.320 [WARN] User not found by telegramId: 8165533279
2025-06-27 19:51:50.471 [DEBUG] 💬 New location received at 2025-06-27T16:51:50.471Z
2025-06-27 19:51:50.472 [WARN] User not found by telegramId: 8165533279
2025-06-27 19:51:50.636 [DEBUG] 💬 New location received at 2025-06-27T16:51:50.636Z
2025-06-27 19:51:50.639 [WARN] User not found by telegramId: 8165533279
2025-06-27 19:51:50.736 [DEBUG] 💬 New location received at 2025-06-27T16:51:50.736Z
2025-06-27 19:51:50.737 [WARN] User not found by telegramId: 8165533279
2025-06-27 19:51:50.890 [DEBUG] 💬 New location received at 2025-06-27T16:51:50.890Z
2025-06-27 19:51:50.892 [WARN] User not found by telegramId: 8165533279
2025-06-27 19:51:50.996 [DEBUG] 💬 New location received at 2025-06-27T16:51:50.996Z
2025-06-27 19:51:50.998 [WARN] User not found by telegramId: 8165533279
2025-06-27 19:51:51.117 [DEBUG] 💬 New location received at 2025-06-27T16:51:51.117Z
2025-06-27 19:51:51.119 [WARN] User not found by telegramId: 8165533279
2025-06-27 19:51:51.238 [DEBUG] 💬 New location received at 2025-06-27T16:51:51.238Z
2025-06-27 19:51:51.240 [WARN] User not found by telegramId: 8165533279
2025-06-27 19:51:51.349 [DEBUG] 💬 New location received at 2025-06-27T16:51:51.349Z
2025-06-27 19:51:51.350 [WARN] User not found by telegramId: 8165533279
2025-06-27 19:51:51.505 [DEBUG] 💬 New location received at 2025-06-27T16:51:51.505Z
2025-06-27 19:51:51.508 [WARN] User not found by telegramId: 8165533279
2025-06-27 19:51:51.614 [DEBUG] 💬 New location received at 2025-06-27T16:51:51.614Z
2025-06-27 19:51:51.616 [WARN] User not found by telegramId: 8165533279
2025-06-27 19:51:51.722 [DEBUG] 💬 New location received at 2025-06-27T16:51:51.722Z
2025-06-27 19:51:51.723 [WARN] User not found by telegramId: 8165533279
2025-06-27 19:51:51.831 [DEBUG] 💬 New location received at 2025-06-27T16:51:51.831Z
2025-06-27 19:51:51.832 [WARN] User not found by telegramId: 8165533279
2025-06-27 19:51:51.947 [DEBUG] 💬 New location received at 2025-06-27T16:51:51.947Z
2025-06-27 19:51:51.948 [WARN] User not found by telegramId: 8165533279
2025-06-27 19:51:52.044 [DEBUG] 💬 New location received at 2025-06-27T16:51:52.044Z
2025-06-27 19:51:52.045 [WARN] User not found by telegramId: 8165533279
2025-06-27 19:51:52.141 [DEBUG] 💬 New location received at 2025-06-27T16:51:52.141Z
2025-06-27 19:51:52.142 [WARN] User not found by telegramId: 8165533279
2025-06-27 19:51:52.241 [DEBUG] 💬 New location received at 2025-06-27T16:51:52.241Z
2025-06-27 19:51:52.242 [WARN] User not found by telegramId: 8165533279
2025-06-27 19:51:52.342 [DEBUG] 💬 New location received at 2025-06-27T16:51:52.341Z
2025-06-27 19:51:52.343 [WARN] User not found by telegramId: 8165533279
2025-06-27 19:51:52.444 [DEBUG] 💬 New location received at 2025-06-27T16:51:52.444Z
2025-06-27 19:51:52.444 [WARN] User not found by telegramId: 8165533279
2025-06-27 19:51:52.545 [DEBUG] 💬 New location received at 2025-06-27T16:51:52.545Z
2025-06-27 19:51:52.546 [WARN] User not found by telegramId: 8165533279
2025-06-27 19:51:52.643 [DEBUG] 💬 New location received at 2025-06-27T16:51:52.643Z
2025-06-27 19:51:52.644 [WARN] User not found by telegramId: 8165533279
2025-06-27 19:51:52.740 [DEBUG] 💬 New location received at 2025-06-27T16:51:52.740Z
2025-06-27 19:51:52.741 [WARN] User not found by telegramId: 8165533279
2025-06-27 19:51:52.842 [DEBUG] 💬 New location received at 2025-06-27T16:51:52.842Z
2025-06-27 19:51:52.843 [WARN] User not found by telegramId: 8165533279
2025-06-27 19:51:52.956 [DEBUG] 💬 New location received at 2025-06-27T16:51:52.956Z
2025-06-27 19:51:52.957 [WARN] User not found by telegramId: 8165533279
2025-06-27 19:51:53.081 [DEBUG] 💬 New location received at 2025-06-27T16:51:53.081Z
2025-06-27 19:51:53.082 [WARN] User not found by telegramId: 8165533279
2025-06-27 19:51:53.185 [DEBUG] 💬 New location received at 2025-06-27T16:51:53.185Z
2025-06-27 19:51:53.186 [WARN] User not found by telegramId: 8165533279
2025-06-27 19:51:53.281 [DEBUG] 💬 New location received at 2025-06-27T16:51:53.281Z
2025-06-27 19:51:53.282 [WARN] User not found by telegramId: 8165533279
2025-06-27 19:51:53.387 [DEBUG] 💬 New location received at 2025-06-27T16:51:53.387Z
2025-06-27 19:51:53.388 [WARN] User not found by telegramId: 8165533279
2025-06-27 19:57:24.352 [DEBUG] 💬 New location received at 2025-06-27T16:57:24.350Z
2025-06-27 19:57:24.358 [DEBUG] 📍 User: Yulia
2025-06-27 19:57:24.358 [DEBUG] 🔄 Starting live location watchdog
2025-06-27 19:57:24.359 [DEBUG] [Watchdog] ▶️ startWatch userId=685ecd326c9e6b238cc76a33, messageId=1353, livePeriod=2147483647s, expireAt=2093-07-15T20:11:31.000Z
2025-06-27 19:57:24.359 [DEBUG] [Watchdog] 🔄 updateWatch userId=685ecd326c9e6b238cc76a33, hasLivePeriod=true, lastSeen=2025-06-27T16:57:24.359Z
2025-06-27 19:57:24.359 [DEBUG] 🌐 Location: lat=56.310595, lon=44.010788
2025-06-27 19:57:24.364 [DEBUG] ✅ Set liveLocationActive = true for 685ecd326c9e6b238cc76a33
2025-06-27 19:57:24.366 [DEBUG] ℹ️ No active session, starting new
2025-06-27 19:57:24.370 [DEBUG] [PositionService] 🛰️ Saving position: userId=685ecd326c9e6b238cc76a33, lat=56.310595, lon=44.010788, sessionId=685ecd746c9e6b238cc76a57, taskId=undefined, timestamp=2025-06-27T16:57:24.370Z
2025-06-27 19:57:24.380 [INFO] [PositionService] ✅ Позиция сохранена: 685ecd746c9e6b238cc76a59
2025-06-27 19:57:24.380 [DEBUG] 📌 Position saved for session 685ecd746c9e6b238cc76a57
2025-06-27 19:57:24.608 [DEBUG] 💬 New location received at 2025-06-27T16:57:24.608Z
2025-06-27 19:57:24.610 [DEBUG] 📍 User: Yulia
2025-06-27 19:57:24.610 [DEBUG] [Watchdog] 🔄 updateWatch userId=685ecd326c9e6b238cc76a33, hasLivePeriod=true, lastSeen=2025-06-27T16:57:24.610Z
2025-06-27 19:57:24.610 [DEBUG] 🌐 Location: lat=56.3106, lon=44.010787
2025-06-27 19:57:24.614 [DEBUG] ✅ Set liveLocationActive = true for 685ecd326c9e6b238cc76a33
2025-06-27 19:57:24.616 [DEBUG] ℹ️ No active session, starting new
2025-06-27 19:57:24.617 [DEBUG] [PositionService] 🛰️ Saving position: userId=685ecd326c9e6b238cc76a33, lat=56.3106, lon=44.010787, sessionId=685ecd746c9e6b238cc76a57, taskId=undefined, timestamp=2025-06-27T16:57:24.617Z
2025-06-27 19:57:24.622 [INFO] [PositionService] ✅ Позиция сохранена: 685ecd746c9e6b238cc76a66
2025-06-27 19:57:24.623 [DEBUG] 📌 Position saved for session 685ecd746c9e6b238cc76a57
2025-06-27 19:57:24.626 [DEBUG] 💬 New location received at 2025-06-27T16:57:24.626Z
2025-06-27 19:57:24.629 [DEBUG] 📍 User: P O
2025-06-27 19:57:24.630 [DEBUG] 🔄 Starting live location watchdog
2025-06-27 19:57:24.630 [DEBUG] [Watchdog] ▶️ startWatch userId=685ecd3c6c9e6b238cc76a38, messageId=1354, livePeriod=2147483647s, expireAt=2093-07-15T20:11:31.000Z
2025-06-27 19:57:24.630 [DEBUG] [Watchdog] 🔄 updateWatch userId=685ecd3c6c9e6b238cc76a38, hasLivePeriod=true, lastSeen=2025-06-27T16:57:24.630Z
2025-06-27 19:57:24.630 [DEBUG] 🌐 Location: lat=56.310578, lon=44.010949
2025-06-27 19:57:24.634 [DEBUG] ✅ Set liveLocationActive = true for 685ecd3c6c9e6b238cc76a38
2025-06-27 19:57:24.635 [DEBUG] ℹ️ No active session, starting new
2025-06-27 19:57:24.637 [DEBUG] [PositionService] 🛰️ Saving position: userId=685ecd3c6c9e6b238cc76a38, lat=56.310578, lon=44.010949, sessionId=685ecd746c9e6b238cc76a73, taskId=undefined, timestamp=2025-06-27T16:57:24.637Z
2025-06-27 19:57:24.640 [INFO] [PositionService] ✅ Позиция сохранена: 685ecd746c9e6b238cc76a75
2025-06-27 19:57:24.640 [DEBUG] 📌 Position saved for session 685ecd746c9e6b238cc76a73
2025-06-27 19:57:24.851 [DEBUG] 💬 New location received at 2025-06-27T16:57:24.851Z
2025-06-27 19:57:24.854 [DEBUG] 📍 User: P O
2025-06-27 19:57:24.854 [DEBUG] [Watchdog] 🔄 updateWatch userId=685ecd3c6c9e6b238cc76a38, hasLivePeriod=true, lastSeen=2025-06-27T16:57:24.854Z
2025-06-27 19:57:24.854 [DEBUG] 🌐 Location: lat=56.310601, lon=44.010915
2025-06-27 19:57:24.858 [DEBUG] ✅ Set liveLocationActive = true for 685ecd3c6c9e6b238cc76a38
2025-06-27 19:57:24.859 [DEBUG] ℹ️ No active session, starting new
2025-06-27 19:57:24.861 [DEBUG] [PositionService] 🛰️ Saving position: userId=685ecd3c6c9e6b238cc76a38, lat=56.310601, lon=44.010915, sessionId=685ecd746c9e6b238cc76a73, taskId=undefined, timestamp=2025-06-27T16:57:24.861Z
2025-06-27 19:57:24.863 [INFO] [PositionService] ✅ Позиция сохранена: 685ecd746c9e6b238cc76a82
2025-06-27 19:57:24.863 [DEBUG] 📌 Position saved for session 685ecd746c9e6b238cc76a73
2025-06-27 19:57:28.302 [DEBUG] 💬 New location received at 2025-06-27T16:57:28.302Z
2025-06-27 19:57:28.304 [DEBUG] 📍 User: Yulia
2025-06-27 19:57:28.304 [DEBUG] [Watchdog] 🔄 updateWatch userId=685ecd326c9e6b238cc76a33, hasLivePeriod=true, lastSeen=2025-06-27T16:57:28.304Z
2025-06-27 19:57:28.304 [DEBUG] 🌐 Location: lat=56.3106, lon=44.010787
2025-06-27 19:57:28.308 [DEBUG] ✅ Set liveLocationActive = true for 685ecd326c9e6b238cc76a33
2025-06-27 19:57:28.309 [DEBUG] ℹ️ No active session, starting new
2025-06-27 19:57:28.311 [DEBUG] [PositionService] 🛰️ Saving position: userId=685ecd326c9e6b238cc76a33, lat=56.3106, lon=44.010787, sessionId=685ecd746c9e6b238cc76a57, taskId=undefined, timestamp=2025-06-27T16:57:28.311Z
2025-06-27 19:57:28.314 [INFO] [PositionService] ✅ Позиция сохранена: 685ecd786c9e6b238cc76a8f
2025-06-27 19:57:28.314 [DEBUG] 📌 Position saved for session 685ecd746c9e6b238cc76a57
2025-06-27 19:57:28.471 [DEBUG] 💬 New location received at 2025-06-27T16:57:28.471Z
2025-06-27 19:57:28.473 [DEBUG] 📍 User: P O
2025-06-27 19:57:28.474 [DEBUG] [Watchdog] 🔄 updateWatch userId=685ecd3c6c9e6b238cc76a38, hasLivePeriod=true, lastSeen=2025-06-27T16:57:28.474Z
2025-06-27 19:57:28.474 [DEBUG] 🌐 Location: lat=56.310618, lon=44.010818
2025-06-27 19:57:28.478 [DEBUG] ✅ Set liveLocationActive = true for 685ecd3c6c9e6b238cc76a38
2025-06-27 19:57:28.480 [DEBUG] ℹ️ No active session, starting new
2025-06-27 19:57:28.482 [DEBUG] [PositionService] 🛰️ Saving position: userId=685ecd3c6c9e6b238cc76a38, lat=56.310618, lon=44.010818, sessionId=685ecd746c9e6b238cc76a73, taskId=undefined, timestamp=2025-06-27T16:57:28.482Z
2025-06-27 19:57:28.484 [INFO] [PositionService] ✅ Позиция сохранена: 685ecd786c9e6b238cc76a9c
2025-06-27 19:57:28.484 [DEBUG] 📌 Position saved for session 685ecd746c9e6b238cc76a73
2025-06-27 19:57:32.550 [DEBUG] 💬 New location received at 2025-06-27T16:57:32.550Z
2025-06-27 19:57:32.552 [DEBUG] 💬 New location received at 2025-06-27T16:57:32.552Z
2025-06-27 19:57:32.553 [DEBUG] 📍 User: Yulia
2025-06-27 19:57:32.553 [DEBUG] [Watchdog] 🔄 updateWatch userId=685ecd326c9e6b238cc76a33, hasLivePeriod=true, lastSeen=2025-06-27T16:57:32.553Z
2025-06-27 19:57:32.553 [DEBUG] 🌐 Location: lat=56.3106, lon=44.010787
2025-06-27 19:57:32.556 [DEBUG] 📍 User: P O
2025-06-27 19:57:32.556 [DEBUG] [Watchdog] 🔄 updateWatch userId=685ecd3c6c9e6b238cc76a38, hasLivePeriod=true, lastSeen=2025-06-27T16:57:32.556Z
2025-06-27 19:57:32.556 [DEBUG] 🌐 Location: lat=56.310619, lon=44.010882
2025-06-27 19:57:32.558 [DEBUG] ✅ Set liveLocationActive = true for 685ecd326c9e6b238cc76a33
2025-06-27 19:57:32.560 [DEBUG] ℹ️ No active session, starting new
2025-06-27 19:57:32.561 [DEBUG] ✅ Set liveLocationActive = true for 685ecd3c6c9e6b238cc76a38
2025-06-27 19:57:32.563 [DEBUG] [PositionService] 🛰️ Saving position: userId=685ecd326c9e6b238cc76a33, lat=56.3106, lon=44.010787, sessionId=685ecd746c9e6b238cc76a57, taskId=undefined, timestamp=2025-06-27T16:57:32.563Z
2025-06-27 19:57:32.565 [DEBUG] ℹ️ No active session, starting new
2025-06-27 19:57:32.567 [INFO] [PositionService] ✅ Позиция сохранена: 685ecd7c6c9e6b238cc76aaf
2025-06-27 19:57:32.567 [DEBUG] 📌 Position saved for session 685ecd746c9e6b238cc76a57
2025-06-27 19:57:32.568 [DEBUG] [PositionService] 🛰️ Saving position: userId=685ecd3c6c9e6b238cc76a38, lat=56.310619, lon=44.010882, sessionId=685ecd746c9e6b238cc76a73, taskId=undefined, timestamp=2025-06-27T16:57:32.568Z
2025-06-27 19:57:32.570 [INFO] [PositionService] ✅ Позиция сохранена: 685ecd7c6c9e6b238cc76ab3
2025-06-27 19:57:32.570 [DEBUG] 📌 Position saved for session 685ecd746c9e6b238cc76a73
2025-06-27 19:57:36.413 [DEBUG] 💬 New location received at 2025-06-27T16:57:36.413Z
2025-06-27 19:57:36.415 [DEBUG] 📍 User: Yulia
2025-06-27 19:57:36.415 [DEBUG] [Watchdog] 🔄 updateWatch userId=685ecd326c9e6b238cc76a33, hasLivePeriod=true, lastSeen=2025-06-27T16:57:36.415Z
2025-06-27 19:57:36.415 [DEBUG] 🌐 Location: lat=56.3106, lon=44.010787
2025-06-27 19:57:36.416 [DEBUG] 💬 New location received at 2025-06-27T16:57:36.416Z
2025-06-27 19:57:36.417 [DEBUG] 📍 User: P O
2025-06-27 19:57:36.418 [DEBUG] [Watchdog] 🔄 updateWatch userId=685ecd3c6c9e6b238cc76a38, hasLivePeriod=true, lastSeen=2025-06-27T16:57:36.418Z
2025-06-27 19:57:36.418 [DEBUG] 🌐 Location: lat=56.310654, lon=44.01082
2025-06-27 19:57:36.421 [DEBUG] ✅ Set liveLocationActive = true for 685ecd326c9e6b238cc76a33
2025-06-27 19:57:36.421 [DEBUG] ✅ Set liveLocationActive = true for 685ecd3c6c9e6b238cc76a38
2025-06-27 19:57:36.422 [DEBUG] ℹ️ No active session, starting new
2025-06-27 19:57:36.423 [DEBUG] ℹ️ No active session, starting new
2025-06-27 19:57:36.423 [DEBUG] [PositionService] 🛰️ Saving position: userId=685ecd326c9e6b238cc76a33, lat=56.3106, lon=44.010787, sessionId=685ecd746c9e6b238cc76a57, taskId=undefined, timestamp=2025-06-27T16:57:36.423Z
2025-06-27 19:57:36.424 [DEBUG] [PositionService] 🛰️ Saving position: userId=685ecd3c6c9e6b238cc76a38, lat=56.310654, lon=44.01082, sessionId=685ecd746c9e6b238cc76a73, taskId=undefined, timestamp=2025-06-27T16:57:36.424Z
2025-06-27 19:57:36.425 [INFO] [PositionService] ✅ Позиция сохранена: 685ecd806c9e6b238cc76aca
2025-06-27 19:57:36.425 [DEBUG] 📌 Position saved for session 685ecd746c9e6b238cc76a57
2025-06-27 19:57:36.426 [INFO] [PositionService] ✅ Позиция сохранена: 685ecd806c9e6b238cc76acc
2025-06-27 19:57:36.426 [DEBUG] 📌 Position saved for session 685ecd746c9e6b238cc76a73
2025-06-27 19:57:40.739 [DEBUG] 💬 New location received at 2025-06-27T16:57:40.739Z
2025-06-27 19:57:40.776 [DEBUG] 📍 User: Yulia
2025-06-27 19:57:40.776 [DEBUG] [Watchdog] 🔄 updateWatch userId=685ecd326c9e6b238cc76a33, hasLivePeriod=true, lastSeen=2025-06-27T16:57:40.776Z
2025-06-27 19:57:40.776 [DEBUG] 🌐 Location: lat=56.3106, lon=44.010787
2025-06-27 19:57:40.795 [DEBUG] ✅ Set liveLocationActive = true for 685ecd326c9e6b238cc76a33
2025-06-27 19:57:40.799 [DEBUG] ℹ️ No active session, starting new
2025-06-27 19:57:40.801 [DEBUG] [PositionService] 🛰️ Saving position: userId=685ecd326c9e6b238cc76a33, lat=56.3106, lon=44.010787, sessionId=685ecd746c9e6b238cc76a57, taskId=undefined, timestamp=2025-06-27T16:57:40.801Z
2025-06-27 19:57:40.804 [INFO] [PositionService] ✅ Позиция сохранена: 685ecd846c9e6b238cc76ae7
2025-06-27 19:57:40.804 [DEBUG] 📌 Position saved for session 685ecd746c9e6b238cc76a57
2025-06-27 19:57:44.348 [DEBUG] 💬 New location received at 2025-06-27T16:57:44.348Z
2025-06-27 19:57:44.351 [DEBUG] 📍 User: Yulia
2025-06-27 19:57:44.352 [DEBUG] [Watchdog] 🔄 updateWatch userId=685ecd326c9e6b238cc76a33, hasLivePeriod=true, lastSeen=2025-06-27T16:57:44.351Z
2025-06-27 19:57:44.352 [DEBUG] 🌐 Location: lat=56.3106, lon=44.010787
2025-06-27 19:57:44.359 [DEBUG] ✅ Set liveLocationActive = true for 685ecd326c9e6b238cc76a33
2025-06-27 19:57:44.360 [DEBUG] ℹ️ No active session, starting new
2025-06-27 19:57:44.362 [DEBUG] [PositionService] 🛰️ Saving position: userId=685ecd326c9e6b238cc76a33, lat=56.3106, lon=44.010787, sessionId=685ecd746c9e6b238cc76a57, taskId=undefined, timestamp=2025-06-27T16:57:44.362Z
2025-06-27 19:57:44.365 [INFO] [PositionService] ✅ Позиция сохранена: 685ecd886c9e6b238cc76afe
2025-06-27 19:57:44.365 [DEBUG] 📌 Position saved for session 685ecd746c9e6b238cc76a57
2025-06-27 19:57:48.331 [DEBUG] 💬 New location received at 2025-06-27T16:57:48.330Z
2025-06-27 19:57:48.332 [DEBUG] 📍 User: Yulia
2025-06-27 19:57:48.333 [DEBUG] [Watchdog] 🔄 updateWatch userId=685ecd326c9e6b238cc76a33, hasLivePeriod=true, lastSeen=2025-06-27T16:57:48.333Z
2025-06-27 19:57:48.333 [DEBUG] 🌐 Location: lat=56.3106, lon=44.010787
2025-06-27 19:57:48.337 [DEBUG] ✅ Set liveLocationActive = true for 685ecd326c9e6b238cc76a33
2025-06-27 19:57:48.339 [DEBUG] ℹ️ No active session, starting new
2025-06-27 19:57:48.340 [DEBUG] [PositionService] 🛰️ Saving position: userId=685ecd326c9e6b238cc76a33, lat=56.3106, lon=44.010787, sessionId=685ecd746c9e6b238cc76a57, taskId=undefined, timestamp=2025-06-27T16:57:48.340Z
2025-06-27 19:57:48.342 [INFO] [PositionService] ✅ Позиция сохранена: 685ecd8c6c9e6b238cc76b0b
2025-06-27 19:57:48.342 [DEBUG] 📌 Position saved for session 685ecd746c9e6b238cc76a57
2025-06-27 19:57:52.975 [DEBUG] 💬 New location received at 2025-06-27T16:57:52.975Z
2025-06-27 19:57:52.977 [DEBUG] 📍 User: P O
2025-06-27 19:57:52.977 [DEBUG] [Watchdog] 🔄 updateWatch userId=685ecd3c6c9e6b238cc76a38, hasLivePeriod=true, lastSeen=2025-06-27T16:57:52.977Z
2025-06-27 19:57:52.977 [DEBUG] 🌐 Location: lat=56.310653, lon=44.010756
2025-06-27 19:57:52.978 [DEBUG] 💬 New location received at 2025-06-27T16:57:52.978Z
2025-06-27 19:57:52.980 [DEBUG] 📍 User: Yulia
2025-06-27 19:57:52.980 [DEBUG] [Watchdog] 🔄 updateWatch userId=685ecd326c9e6b238cc76a33, hasLivePeriod=true, lastSeen=2025-06-27T16:57:52.980Z
2025-06-27 19:57:52.980 [DEBUG] 🌐 Location: lat=56.3106, lon=44.010787
2025-06-27 19:57:52.982 [DEBUG] ✅ Set liveLocationActive = true for 685ecd3c6c9e6b238cc76a38
2025-06-27 19:57:52.984 [DEBUG] ℹ️ No active session, starting new
2025-06-27 19:57:52.985 [DEBUG] ✅ Set liveLocationActive = true for 685ecd326c9e6b238cc76a33
2025-06-27 19:57:52.986 [DEBUG] [PositionService] 🛰️ Saving position: userId=685ecd3c6c9e6b238cc76a38, lat=56.310653, lon=44.010756, sessionId=685ecd746c9e6b238cc76a73, taskId=undefined, timestamp=2025-06-27T16:57:52.986Z
2025-06-27 19:57:52.987 [DEBUG] ℹ️ No active session, starting new
2025-06-27 19:57:52.988 [INFO] [PositionService] ✅ Позиция сохранена: 685ecd906c9e6b238cc76b22
2025-06-27 19:57:52.988 [DEBUG] 📌 Position saved for session 685ecd746c9e6b238cc76a73
2025-06-27 19:57:52.989 [DEBUG] [PositionService] 🛰️ Saving position: userId=685ecd326c9e6b238cc76a33, lat=56.3106, lon=44.010787, sessionId=685ecd746c9e6b238cc76a57, taskId=undefined, timestamp=2025-06-27T16:57:52.989Z
2025-06-27 19:57:52.991 [INFO] [PositionService] ✅ Позиция сохранена: 685ecd906c9e6b238cc76b26
2025-06-27 19:57:52.991 [DEBUG] 📌 Position saved for session 685ecd746c9e6b238cc76a57
2025-06-27 19:58:35.377 [DEBUG] 💬 New location received at 2025-06-27T16:58:35.377Z
2025-06-27 19:58:35.380 [DEBUG] 📍 User: P O
2025-06-27 19:58:35.380 [DEBUG] [Watchdog] 🔄 updateWatch userId=685ecd3c6c9e6b238cc76a38, hasLivePeriod=true, lastSeen=2025-06-27T16:58:35.380Z
2025-06-27 19:58:35.380 [DEBUG] 🌐 Location: lat=56.310636, lon=44.010788
2025-06-27 19:58:35.385 [DEBUG] ✅ Set liveLocationActive = true for 685ecd3c6c9e6b238cc76a38
2025-06-27 19:58:35.388 [DEBUG] ℹ️ No active session, starting new
2025-06-27 19:58:35.391 [DEBUG] [PositionService] 🛰️ Saving position: userId=685ecd3c6c9e6b238cc76a38, lat=56.310636, lon=44.010788, sessionId=685ecd746c9e6b238cc76a73, taskId=undefined, timestamp=2025-06-27T16:58:35.391Z
2025-06-27 19:58:35.394 [INFO] [PositionService] ✅ Позиция сохранена: 685ecdbb6c9e6b238cc76b3e
2025-06-27 19:58:35.394 [DEBUG] 📌 Position saved for session 685ecd746c9e6b238cc76a73
2025-06-27 19:58:35.515 [DEBUG] 💬 New location received at 2025-06-27T16:58:35.515Z
2025-06-27 19:58:35.518 [DEBUG] 📍 User: P O
2025-06-27 19:58:35.518 [DEBUG] [Watchdog] 🔄 updateWatch userId=685ecd3c6c9e6b238cc76a38, hasLivePeriod=true, lastSeen=2025-06-27T16:58:35.518Z
2025-06-27 19:58:35.519 [DEBUG] 🌐 Location: lat=56.310635, lon=44.010786
2025-06-27 19:58:35.525 [DEBUG] ✅ Set liveLocationActive = true for 685ecd3c6c9e6b238cc76a38
2025-06-27 19:58:35.526 [DEBUG] ℹ️ No active session, starting new
2025-06-27 19:58:35.527 [DEBUG] [PositionService] 🛰️ Saving position: userId=685ecd3c6c9e6b238cc76a38, lat=56.310635, lon=44.010786, sessionId=685ecd746c9e6b238cc76a73, taskId=undefined, timestamp=2025-06-27T16:58:35.527Z
2025-06-27 19:58:35.529 [INFO] [PositionService] ✅ Позиция сохранена: 685ecdbb6c9e6b238cc76b4b
2025-06-27 19:58:35.529 [DEBUG] 📌 Position saved for session 685ecd746c9e6b238cc76a73
2025-06-27 19:59:25.596 [DEBUG] 💬 New location received at 2025-06-27T16:59:25.596Z
2025-06-27 19:59:25.599 [DEBUG] 📍 User: Yulia
2025-06-27 19:59:25.599 [DEBUG] [Watchdog] 🔄 updateWatch userId=685ecd326c9e6b238cc76a33, hasLivePeriod=true, lastSeen=2025-06-27T16:59:25.599Z
2025-06-27 19:59:25.599 [DEBUG] 🌐 Location: lat=56.3106, lon=44.01079
2025-06-27 19:59:25.605 [DEBUG] ✅ Set liveLocationActive = true for 685ecd326c9e6b238cc76a33
2025-06-27 19:59:25.606 [DEBUG] ℹ️ No active session, starting new
2025-06-27 19:59:25.608 [DEBUG] [PositionService] 🛰️ Saving position: userId=685ecd326c9e6b238cc76a33, lat=56.3106, lon=44.01079, sessionId=685ecd746c9e6b238cc76a57, taskId=undefined, timestamp=2025-06-27T16:59:25.608Z
2025-06-27 19:59:25.611 [INFO] [PositionService] ✅ Позиция сохранена: 685ecded6c9e6b238cc76b93
2025-06-27 19:59:25.611 [DEBUG] 📌 Position saved for session 685ecd746c9e6b238cc76a57
2025-06-27 19:59:27.915 [DEBUG] 💬 New location received at 2025-06-27T16:59:27.915Z
2025-06-27 19:59:27.920 [DEBUG] 📍 User: Yulia
2025-06-27 19:59:27.920 [DEBUG] [Watchdog] 🔄 updateWatch userId=685ecd326c9e6b238cc76a33, hasLivePeriod=true, lastSeen=2025-06-27T16:59:27.920Z
2025-06-27 19:59:27.920 [DEBUG] 🌐 Location: lat=56.3106, lon=44.010788
2025-06-27 19:59:27.924 [DEBUG] ✅ Set liveLocationActive = true for 685ecd326c9e6b238cc76a33
2025-06-27 19:59:27.925 [DEBUG] ℹ️ No active session, starting new
2025-06-27 19:59:27.929 [DEBUG] [PositionService] 🛰️ Saving position: userId=685ecd326c9e6b238cc76a33, lat=56.3106, lon=44.010788, sessionId=685ecdef6c9e6b238cc76ba0, taskId=undefined, timestamp=2025-06-27T16:59:27.929Z
2025-06-27 19:59:27.931 [INFO] [PositionService] ✅ Позиция сохранена: 685ecdef6c9e6b238cc76ba2
2025-06-27 19:59:27.931 [DEBUG] 📌 Position saved for session 685ecdef6c9e6b238cc76ba0
2025-06-27 19:59:31.841 [DEBUG] 💬 New location received at 2025-06-27T16:59:31.841Z
2025-06-27 19:59:31.842 [DEBUG] 📍 User: Yulia
2025-06-27 19:59:31.843 [DEBUG] [Watchdog] 🔄 updateWatch userId=685ecd326c9e6b238cc76a33, hasLivePeriod=true, lastSeen=2025-06-27T16:59:31.843Z
2025-06-27 19:59:31.843 [DEBUG] 🌐 Location: lat=56.3106, lon=44.010787
2025-06-27 19:59:31.845 [DEBUG] ✅ Set liveLocationActive = true for 685ecd326c9e6b238cc76a33
2025-06-27 19:59:31.846 [DEBUG] ℹ️ No active session, starting new
2025-06-27 19:59:31.847 [DEBUG] [PositionService] 🛰️ Saving position: userId=685ecd326c9e6b238cc76a33, lat=56.3106, lon=44.010787, sessionId=685ecdef6c9e6b238cc76ba0, taskId=undefined, timestamp=2025-06-27T16:59:31.847Z
2025-06-27 19:59:31.850 [INFO] [PositionService] ✅ Позиция сохранена: 685ecdf36c9e6b238cc76baf
2025-06-27 19:59:31.850 [DEBUG] 📌 Position saved for session 685ecdef6c9e6b238cc76ba0
2025-06-27 19:59:35.918 [DEBUG] 💬 New location received at 2025-06-27T16:59:35.918Z
2025-06-27 19:59:35.923 [DEBUG] 📍 User: Yulia
2025-06-27 19:59:35.924 [DEBUG] [Watchdog] 🔄 updateWatch userId=685ecd326c9e6b238cc76a33, hasLivePeriod=true, lastSeen=2025-06-27T16:59:35.924Z
2025-06-27 19:59:35.924 [DEBUG] 🌐 Location: lat=56.3106, lon=44.010787
2025-06-27 19:59:35.929 [DEBUG] ✅ Set liveLocationActive = true for 685ecd326c9e6b238cc76a33
2025-06-27 19:59:35.931 [DEBUG] ℹ️ No active session, starting new
2025-06-27 19:59:35.933 [DEBUG] [PositionService] 🛰️ Saving position: userId=685ecd326c9e6b238cc76a33, lat=56.3106, lon=44.010787, sessionId=685ecdef6c9e6b238cc76ba0, taskId=undefined, timestamp=2025-06-27T16:59:35.933Z
2025-06-27 19:59:35.941 [INFO] [PositionService] ✅ Позиция сохранена: 685ecdf76c9e6b238cc76bbc
2025-06-27 19:59:35.941 [DEBUG] 📌 Position saved for session 685ecdef6c9e6b238cc76ba0
2025-06-27 19:59:39.842 [DEBUG] 💬 New location received at 2025-06-27T16:59:39.842Z
2025-06-27 19:59:39.843 [DEBUG] 📍 User: Yulia
2025-06-27 19:59:39.844 [DEBUG] [Watchdog] 🔄 updateWatch userId=685ecd326c9e6b238cc76a33, hasLivePeriod=true, lastSeen=2025-06-27T16:59:39.844Z
2025-06-27 19:59:39.844 [DEBUG] 🌐 Location: lat=56.3106, lon=44.010787
2025-06-27 19:59:39.848 [DEBUG] ✅ Set liveLocationActive = true for 685ecd326c9e6b238cc76a33
2025-06-27 19:59:39.849 [DEBUG] ℹ️ No active session, starting new
2025-06-27 19:59:39.850 [DEBUG] [PositionService] 🛰️ Saving position: userId=685ecd326c9e6b238cc76a33, lat=56.3106, lon=44.010787, sessionId=685ecdef6c9e6b238cc76ba0, taskId=undefined, timestamp=2025-06-27T16:59:39.850Z
2025-06-27 19:59:39.853 [INFO] [PositionService] ✅ Позиция сохранена: 685ecdfb6c9e6b238cc76bc9
2025-06-27 19:59:39.853 [DEBUG] 📌 Position saved for session 685ecdef6c9e6b238cc76ba0
2025-06-27 19:59:40.657 [DEBUG] 💬 New location received at 2025-06-27T16:59:40.657Z
2025-06-27 19:59:40.659 [DEBUG] 📍 User: P O
2025-06-27 19:59:40.659 [DEBUG] [Watchdog] 🔄 updateWatch userId=685ecd3c6c9e6b238cc76a38, hasLivePeriod=true, lastSeen=2025-06-27T16:59:40.659Z
2025-06-27 19:59:40.659 [DEBUG] 🌐 Location: lat=56.310601, lon=44.010852
2025-06-27 19:59:40.663 [DEBUG] ✅ Set liveLocationActive = true for 685ecd3c6c9e6b238cc76a38
2025-06-27 19:59:40.664 [DEBUG] ℹ️ No active session, starting new
2025-06-27 19:59:40.666 [DEBUG] [PositionService] 🛰️ Saving position: userId=685ecd3c6c9e6b238cc76a38, lat=56.310601, lon=44.010852, sessionId=685ecdfc6c9e6b238cc76bd6, taskId=undefined, timestamp=2025-06-27T16:59:40.666Z
2025-06-27 19:59:40.668 [INFO] [PositionService] ✅ Позиция сохранена: 685ecdfc6c9e6b238cc76bd8
2025-06-27 19:59:40.668 [DEBUG] 📌 Position saved for session 685ecdfc6c9e6b238cc76bd6
2025-06-27 19:59:40.867 [DEBUG] 💬 New location received at 2025-06-27T16:59:40.867Z
2025-06-27 19:59:40.869 [DEBUG] 📍 User: P O
2025-06-27 19:59:40.869 [DEBUG] [Watchdog] 🔄 updateWatch userId=685ecd3c6c9e6b238cc76a38, hasLivePeriod=true, lastSeen=2025-06-27T16:59:40.869Z
2025-06-27 19:59:40.869 [DEBUG] 🌐 Location: lat=56.310601, lon=44.010852
2025-06-27 19:59:40.873 [DEBUG] ✅ Set liveLocationActive = true for 685ecd3c6c9e6b238cc76a38
2025-06-27 19:59:40.876 [DEBUG] ℹ️ No active session, starting new
2025-06-27 19:59:40.877 [DEBUG] [PositionService] 🛰️ Saving position: userId=685ecd3c6c9e6b238cc76a38, lat=56.310601, lon=44.010852, sessionId=685ecdfc6c9e6b238cc76bd6, taskId=undefined, timestamp=2025-06-27T16:59:40.877Z
2025-06-27 19:59:40.879 [INFO] [PositionService] ✅ Позиция сохранена: 685ecdfc6c9e6b238cc76be5
2025-06-27 19:59:40.879 [DEBUG] 📌 Position saved for session 685ecdfc6c9e6b238cc76bd6
2025-06-27 19:59:41.674 [DEBUG] 💬 New location received at 2025-06-27T16:59:41.674Z
2025-06-27 19:59:41.675 [DEBUG] 📍 User: Yulia
2025-06-27 19:59:41.675 [DEBUG] [Watchdog] 🔄 updateWatch userId=685ecd326c9e6b238cc76a33, hasLivePeriod=false, lastSeen=2025-06-27T16:59:41.675Z
2025-06-27 19:59:41.675 [DEBUG] 🌐 Location: lat=56.310595, lon=44.010788
2025-06-27 19:59:41.677 [DEBUG] ✅ Set liveLocationActive = true for 685ecd326c9e6b238cc76a33
2025-06-27 19:59:41.678 [DEBUG] ℹ️ No active session, starting new
2025-06-27 19:59:41.679 [DEBUG] [PositionService] 🛰️ Saving position: userId=685ecd326c9e6b238cc76a33, lat=56.310595, lon=44.010788, sessionId=685ecdef6c9e6b238cc76ba0, taskId=undefined, timestamp=2025-06-27T16:59:41.679Z
2025-06-27 19:59:41.680 [INFO] [PositionService] ✅ Позиция сохранена: 685ecdfd6c9e6b238cc76bf2
2025-06-27 19:59:41.680 [DEBUG] 📌 Position saved for session 685ecdef6c9e6b238cc76ba0
2025-06-27 19:59:42.149 [DEBUG] 💬 New location received at 2025-06-27T16:59:42.149Z
2025-06-27 19:59:42.151 [DEBUG] 📍 User: P O
2025-06-27 19:59:42.152 [DEBUG] [Watchdog] 🔄 updateWatch userId=685ecd3c6c9e6b238cc76a38, hasLivePeriod=false, lastSeen=2025-06-27T16:59:42.152Z
2025-06-27 19:59:42.152 [DEBUG] 🌐 Location: lat=56.31063, lon=44.010787
2025-06-27 19:59:42.157 [DEBUG] ✅ Set liveLocationActive = true for 685ecd3c6c9e6b238cc76a38
2025-06-27 19:59:42.158 [DEBUG] ℹ️ No active session, starting new
2025-06-27 19:59:42.159 [DEBUG] [PositionService] 🛰️ Saving position: userId=685ecd3c6c9e6b238cc76a38, lat=56.31063, lon=44.010787, sessionId=685ecdfc6c9e6b238cc76bd6, taskId=undefined, timestamp=2025-06-27T16:59:42.159Z
2025-06-27 19:59:42.162 [INFO] [PositionService] ✅ Позиция сохранена: 685ecdfe6c9e6b238cc76bff
2025-06-27 19:59:42.162 [DEBUG] 📌 Position saved for session 685ecdfc6c9e6b238cc76bd6
2025-06-27 20:02:09.905 [DEBUG] 💬 New location received at 2025-06-27T17:02:09.900Z
2025-06-27 20:02:09.909 [DEBUG] 📍 User: P O
2025-06-27 20:02:09.910 [DEBUG] 🔄 Starting live location watchdog
2025-06-27 20:02:09.910 [DEBUG] [Watchdog] ▶️ startWatch userId=685ecd3c6c9e6b238cc76a38, messageId=1359, livePeriod=2147483647s, expireAt=2093-07-15T20:16:16.000Z
2025-06-27 20:02:09.910 [DEBUG] [Watchdog] 🔄 updateWatch userId=685ecd3c6c9e6b238cc76a38, hasLivePeriod=true, lastSeen=2025-06-27T17:02:09.910Z
2025-06-27 20:02:09.911 [DEBUG] 🌐 Location: lat=56.310629, lon=44.010724
2025-06-27 20:02:09.944 [DEBUG] ✅ Set liveLocationActive = true for 685ecd3c6c9e6b238cc76a38
2025-06-27 20:02:09.948 [DEBUG] ℹ️ No active session, starting new
2025-06-27 20:02:09.958 [DEBUG] [PositionService] 🛰️ Saving position: userId=685ecd3c6c9e6b238cc76a38, lat=56.310629, lon=44.010724, sessionId=685ece91ab5de66a2d079808, taskId=undefined, timestamp=2025-06-27T17:02:09.958Z
2025-06-27 20:02:09.967 [INFO] [PositionService] ✅ Позиция сохранена: 685ece91ab5de66a2d07980a
2025-06-27 20:02:09.967 [DEBUG] 📌 Position saved for session 685ece91ab5de66a2d079808
2025-06-27 20:02:10.201 [DEBUG] 💬 New location received at 2025-06-27T17:02:10.201Z
2025-06-27 20:02:10.203 [DEBUG] 📍 User: Yulia
2025-06-27 20:02:10.203 [DEBUG] 🔄 Starting live location watchdog
2025-06-27 20:02:10.203 [DEBUG] [Watchdog] ▶️ startWatch userId=685ecd326c9e6b238cc76a33, messageId=1360, livePeriod=2147483647s, expireAt=2093-07-15T20:16:16.000Z
2025-06-27 20:02:10.203 [DEBUG] [Watchdog] 🔄 updateWatch userId=685ecd326c9e6b238cc76a33, hasLivePeriod=true, lastSeen=2025-06-27T17:02:10.203Z
2025-06-27 20:02:10.203 [DEBUG] 🌐 Location: lat=56.310595, lon=44.010788
2025-06-27 20:02:10.205 [DEBUG] ✅ Set liveLocationActive = true for 685ecd326c9e6b238cc76a33
2025-06-27 20:02:10.206 [DEBUG] ℹ️ No active session, starting new
2025-06-27 20:02:10.209 [DEBUG] [PositionService] 🛰️ Saving position: userId=685ecd326c9e6b238cc76a33, lat=56.310595, lon=44.010788, sessionId=685ece92ab5de66a2d079817, taskId=undefined, timestamp=2025-06-27T17:02:10.209Z
2025-06-27 20:02:10.211 [INFO] [PositionService] ✅ Позиция сохранена: 685ece92ab5de66a2d079819
2025-06-27 20:02:10.211 [DEBUG] 📌 Position saved for session 685ece92ab5de66a2d079817
2025-06-27 20:02:10.218 [DEBUG] 💬 New location received at 2025-06-27T17:02:10.218Z
2025-06-27 20:02:10.219 [DEBUG] 📍 User: P O
2025-06-27 20:02:10.219 [DEBUG] [Watchdog] 🔄 updateWatch userId=685ecd3c6c9e6b238cc76a38, hasLivePeriod=true, lastSeen=2025-06-27T17:02:10.219Z
2025-06-27 20:02:10.219 [DEBUG] 🌐 Location: lat=56.310635, lon=44.010723
2025-06-27 20:02:10.222 [DEBUG] ✅ Set liveLocationActive = true for 685ecd3c6c9e6b238cc76a38
2025-06-27 20:02:10.223 [DEBUG] ℹ️ No active session, starting new
2025-06-27 20:02:10.224 [DEBUG] [PositionService] 🛰️ Saving position: userId=685ecd3c6c9e6b238cc76a38, lat=56.310635, lon=44.010723, sessionId=685ece91ab5de66a2d079808, taskId=undefined, timestamp=2025-06-27T17:02:10.224Z
2025-06-27 20:02:10.225 [INFO] [PositionService] ✅ Позиция сохранена: 685ece92ab5de66a2d079824
2025-06-27 20:02:10.226 [DEBUG] 📌 Position saved for session 685ece91ab5de66a2d079808
2025-06-27 20:02:10.463 [DEBUG] 💬 New location received at 2025-06-27T17:02:10.463Z
2025-06-27 20:02:10.466 [DEBUG] 📍 User: Yulia
2025-06-27 20:02:10.467 [DEBUG] [Watchdog] 🔄 updateWatch userId=685ecd326c9e6b238cc76a33, hasLivePeriod=true, lastSeen=2025-06-27T17:02:10.467Z
2025-06-27 20:02:10.467 [DEBUG] 🌐 Location: lat=56.3106, lon=44.010789
2025-06-27 20:02:10.471 [DEBUG] ✅ Set liveLocationActive = true for 685ecd326c9e6b238cc76a33
2025-06-27 20:02:10.472 [DEBUG] ℹ️ No active session, starting new
2025-06-27 20:02:10.473 [DEBUG] [PositionService] 🛰️ Saving position: userId=685ecd326c9e6b238cc76a33, lat=56.3106, lon=44.010789, sessionId=685ece92ab5de66a2d079817, taskId=undefined, timestamp=2025-06-27T17:02:10.473Z
2025-06-27 20:02:10.476 [INFO] [PositionService] ✅ Позиция сохранена: 685ece92ab5de66a2d079833
2025-06-27 20:02:10.476 [DEBUG] 📌 Position saved for session 685ece92ab5de66a2d079817
2025-06-27 20:02:13.483 [DEBUG] 💬 New location received at 2025-06-27T17:02:13.483Z
2025-06-27 20:02:13.484 [DEBUG] 📍 User: P O
2025-06-27 20:02:13.484 [DEBUG] [Watchdog] 🔄 updateWatch userId=685ecd3c6c9e6b238cc76a38, hasLivePeriod=true, lastSeen=2025-06-27T17:02:13.484Z
2025-06-27 20:02:13.484 [DEBUG] 🌐 Location: lat=56.310635, lon=44.010787
2025-06-27 20:02:13.486 [DEBUG] ✅ Set liveLocationActive = true for 685ecd3c6c9e6b238cc76a38
2025-06-27 20:02:13.488 [DEBUG] ℹ️ No active session, starting new
2025-06-27 20:02:13.489 [DEBUG] [PositionService] 🛰️ Saving position: userId=685ecd3c6c9e6b238cc76a38, lat=56.310635, lon=44.010787, sessionId=685ece91ab5de66a2d079808, taskId=undefined, timestamp=2025-06-27T17:02:13.489Z
2025-06-27 20:02:13.490 [INFO] [PositionService] ✅ Позиция сохранена: 685ece95ab5de66a2d079840
2025-06-27 20:02:13.490 [DEBUG] 📌 Position saved for session 685ece91ab5de66a2d079808
2025-06-27 20:02:13.603 [DEBUG] 💬 New location received at 2025-06-27T17:02:13.603Z
2025-06-27 20:02:13.604 [DEBUG] 📍 User: Yulia
2025-06-27 20:02:13.605 [DEBUG] [Watchdog] 🔄 updateWatch userId=685ecd326c9e6b238cc76a33, hasLivePeriod=true, lastSeen=2025-06-27T17:02:13.605Z
2025-06-27 20:02:13.605 [DEBUG] 🌐 Location: lat=56.3106, lon=44.01079
2025-06-27 20:02:13.608 [DEBUG] ✅ Set liveLocationActive = true for 685ecd326c9e6b238cc76a33
2025-06-27 20:02:13.609 [DEBUG] ℹ️ No active session, starting new
2025-06-27 20:02:13.610 [DEBUG] [PositionService] 🛰️ Saving position: userId=685ecd326c9e6b238cc76a33, lat=56.3106, lon=44.01079, sessionId=685ece92ab5de66a2d079817, taskId=undefined, timestamp=2025-06-27T17:02:13.610Z
2025-06-27 20:02:13.612 [INFO] [PositionService] ✅ Позиция сохранена: 685ece95ab5de66a2d07984d
2025-06-27 20:02:13.612 [DEBUG] 📌 Position saved for session 685ece92ab5de66a2d079817
2025-06-27 20:02:17.629 [DEBUG] 💬 New location received at 2025-06-27T17:02:17.629Z
2025-06-27 20:02:17.630 [DEBUG] 📍 User: P O
2025-06-27 20:02:17.630 [DEBUG] [Watchdog] 🔄 updateWatch userId=685ecd3c6c9e6b238cc76a38, hasLivePeriod=true, lastSeen=2025-06-27T17:02:17.630Z
2025-06-27 20:02:17.630 [DEBUG] 🌐 Location: lat=56.310635, lon=44.010724
2025-06-27 20:02:17.632 [DEBUG] ✅ Set liveLocationActive = true for 685ecd3c6c9e6b238cc76a38
2025-06-27 20:02:17.633 [DEBUG] ℹ️ No active session, starting new
2025-06-27 20:02:17.634 [DEBUG] [PositionService] 🛰️ Saving position: userId=685ecd3c6c9e6b238cc76a38, lat=56.310635, lon=44.010724, sessionId=685ece91ab5de66a2d079808, taskId=undefined, timestamp=2025-06-27T17:02:17.634Z
2025-06-27 20:02:17.637 [INFO] [PositionService] ✅ Позиция сохранена: 685ece99ab5de66a2d07985a
2025-06-27 20:02:17.637 [DEBUG] 📌 Position saved for session 685ece91ab5de66a2d079808
2025-06-27 20:02:25.532 [DEBUG] 💬 New location received at 2025-06-27T17:02:25.531Z
2025-06-27 20:02:25.535 [DEBUG] 📍 User: P O
2025-06-27 20:02:25.535 [DEBUG] [Watchdog] 🔄 updateWatch userId=685ecd3c6c9e6b238cc76a38, hasLivePeriod=true, lastSeen=2025-06-27T17:02:25.535Z
2025-06-27 20:02:25.535 [DEBUG] 🌐 Location: lat=56.310635, lon=44.010724
2025-06-27 20:02:25.539 [DEBUG] ✅ Set liveLocationActive = true for 685ecd3c6c9e6b238cc76a38
2025-06-27 20:02:25.540 [DEBUG] ℹ️ No active session, starting new
2025-06-27 20:02:25.541 [DEBUG] [PositionService] 🛰️ Saving position: userId=685ecd3c6c9e6b238cc76a38, lat=56.310635, lon=44.010724, sessionId=685ece91ab5de66a2d079808, taskId=undefined, timestamp=2025-06-27T17:02:25.541Z
2025-06-27 20:02:25.543 [INFO] [PositionService] ✅ Позиция сохранена: 685ecea1ab5de66a2d079867
2025-06-27 20:02:25.543 [DEBUG] 📌 Position saved for session 685ece91ab5de66a2d079808
2025-06-27 20:02:37.522 [DEBUG] 💬 New location received at 2025-06-27T17:02:37.522Z
2025-06-27 20:02:37.524 [DEBUG] 📍 User: P O
2025-06-27 20:02:37.524 [DEBUG] [Watchdog] 🔄 updateWatch userId=685ecd3c6c9e6b238cc76a38, hasLivePeriod=true, lastSeen=2025-06-27T17:02:37.524Z
2025-06-27 20:02:37.524 [DEBUG] 🌐 Location: lat=56.310635, lon=44.010722
2025-06-27 20:02:37.527 [DEBUG] ✅ Set liveLocationActive = true for 685ecd3c6c9e6b238cc76a38
2025-06-27 20:02:37.528 [DEBUG] ℹ️ No active session, starting new
2025-06-27 20:02:37.529 [DEBUG] [PositionService] 🛰️ Saving position: userId=685ecd3c6c9e6b238cc76a38, lat=56.310635, lon=44.010722, sessionId=685ece91ab5de66a2d079808, taskId=undefined, timestamp=2025-06-27T17:02:37.529Z
2025-06-27 20:02:37.531 [INFO] [PositionService] ✅ Позиция сохранена: 685eceadab5de66a2d079874
2025-06-27 20:02:37.531 [DEBUG] 📌 Position saved for session 685ece91ab5de66a2d079808
2025-06-27 20:02:43.282 [DEBUG] 💬 New location received at 2025-06-27T17:02:43.282Z
2025-06-27 20:02:43.284 [DEBUG] 📍 User: Yulia
2025-06-27 20:02:43.284 [DEBUG] [Watchdog] 🔄 updateWatch userId=685ecd326c9e6b238cc76a33, hasLivePeriod=true, lastSeen=2025-06-27T17:02:43.284Z
2025-06-27 20:02:43.284 [DEBUG] 🌐 Location: lat=56.3106, lon=44.010789
2025-06-27 20:02:43.289 [DEBUG] ✅ Set liveLocationActive = true for 685ecd326c9e6b238cc76a33
2025-06-27 20:02:43.291 [DEBUG] ℹ️ No active session, starting new
2025-06-27 20:02:43.292 [DEBUG] [PositionService] 🛰️ Saving position: userId=685ecd326c9e6b238cc76a33, lat=56.3106, lon=44.010789, sessionId=685ece92ab5de66a2d079817, taskId=undefined, timestamp=2025-06-27T17:02:43.292Z
2025-06-27 20:02:43.294 [INFO] [PositionService] ✅ Позиция сохранена: 685eceb3ab5de66a2d07988d
2025-06-27 20:02:43.294 [DEBUG] 📌 Position saved for session 685ece92ab5de66a2d079817
2025-06-27 20:03:25.143 [DEBUG] 💬 New location received at 2025-06-27T17:03:25.143Z
2025-06-27 20:03:25.146 [DEBUG] 📍 User: Yulia
2025-06-27 20:03:25.146 [DEBUG] [Watchdog] 🔄 updateWatch userId=685ecd326c9e6b238cc76a33, hasLivePeriod=true, lastSeen=2025-06-27T17:03:25.146Z
2025-06-27 20:03:25.146 [DEBUG] 🌐 Location: lat=56.3106, lon=44.01079
2025-06-27 20:03:25.151 [DEBUG] ✅ Set liveLocationActive = true for 685ecd326c9e6b238cc76a33
2025-06-27 20:03:25.153 [DEBUG] ℹ️ No active session, starting new
2025-06-27 20:03:25.156 [DEBUG] [PositionService] 🛰️ Saving position: userId=685ecd326c9e6b238cc76a33, lat=56.3106, lon=44.01079, sessionId=685ece92ab5de66a2d079817, taskId=undefined, timestamp=2025-06-27T17:03:25.156Z
2025-06-27 20:03:25.159 [INFO] [PositionService] ✅ Позиция сохранена: 685eceddab5de66a2d07989a
2025-06-27 20:03:25.159 [DEBUG] 📌 Position saved for session 685ece92ab5de66a2d079817
2025-06-27 20:03:43.345 [DEBUG] 💬 New location received at 2025-06-27T17:03:43.345Z
2025-06-27 20:03:43.347 [DEBUG] 📍 User: Yulia
2025-06-27 20:03:43.348 [DEBUG] [Watchdog] 🔄 updateWatch userId=685ecd326c9e6b238cc76a33, hasLivePeriod=true, lastSeen=2025-06-27T17:03:43.347Z
2025-06-27 20:03:43.348 [DEBUG] 🌐 Location: lat=56.3106, lon=44.010789
2025-06-27 20:03:43.354 [DEBUG] ✅ Set liveLocationActive = true for 685ecd326c9e6b238cc76a33
2025-06-27 20:03:43.357 [DEBUG] ℹ️ No active session, starting new
2025-06-27 20:03:43.359 [DEBUG] [PositionService] 🛰️ Saving position: userId=685ecd326c9e6b238cc76a33, lat=56.3106, lon=44.010789, sessionId=685ece92ab5de66a2d079817, taskId=undefined, timestamp=2025-06-27T17:03:43.359Z
2025-06-27 20:03:43.360 [INFO] [PositionService] ✅ Позиция сохранена: 685eceefab5de66a2d0798a7
2025-06-27 20:03:43.361 [DEBUG] 📌 Position saved for session 685ece92ab5de66a2d079817
